<?xml version="1.0" encoding="UTF-8"?>
<!-- Generated by org.testng.reporters.JUnitReportReporter -->
<testsuite hostname="DESKTOP-P66OI27" failures="0" tests="3" name="TestNG.enabled" time="0.008" errors="0" timestamp="2022-11-05T11:49:12 IST" skipped="1">
  <testcase classname="TestNG.enabled" name="TC3" time="0.002"/>
  <system-out>
    <![CDATA[TC3 running]]>
  </system-out>
  <testcase classname="TestNG.enabled" name="TC2" time="0.006"/>
  <system-out>
    <![CDATA[TC2 running]]>
  </system-out>
  <testcase classname="TestNG.enabled" name="TC1">
    <skipped/>
  </testcase> <!-- TC1 -->
  <system-out/>
</testsuite> <!-- TestNG.enabled -->
