<?xml version="1.0" encoding="UTF-8"?>
<!-- Generated by org.testng.reporters.JUnitReportReporter -->
<testsuite hostname="DESKTOP-P66OI27" failures="0" tests="2" name="TestNG.timeOut" time="0.006" errors="0" timestamp="2022-11-05T11:49:12 IST" skipped="0">
  <testcase classname="TestNG.timeOut" name="TC2" time="0.001"/>
  <system-out>
    <![CDATA[TC2 running]]>
  </system-out>
  <testcase classname="TestNG.timeOut" name="TC1" time="0.005"/>
  <system-out>
    <![CDATA[TC1 running]]>
  </system-out>
</testsuite> <!-- TestNG.timeOut -->
