<?xml version="1.0" encoding="UTF-8"?>
<!-- Generated by org.testng.reporters.JUnitReportReporter -->
<testsuite hostname="DESKTOP-P66OI27" failures="0" tests="2" name="TestNG.Test3" time="0.007" errors="0" timestamp="2022-11-05T11:49:11 IST" skipped="0">
  <testcase classname="TestNG.Test3" name="TC6" time="0.003"/>
  <system-out>
    <![CDATA[Running TC6]]>
  </system-out>
  <testcase classname="TestNG.Test3" name="TC5" time="0.004"/>
  <system-out>
    <![CDATA[Running TC5]]>
  </system-out>
</testsuite> <!-- TestNG.Test3 -->
