<?xml version="1.0" encoding="UTF-8"?>
<!-- Generated by org.testng.reporters.JUnitReportReporter -->
<testsuite hostname="DESKTOP-P66OI27" failures="0" tests="1" name="TestNG.Parallel_Testing3" time="57.691" errors="0" timestamp="2022-11-05T12:42:37 IST" skipped="0">
  <testcase classname="TestNG.Parallel_Testing3" name="openBrowser3" time="57.691"/>
  <system-out/>
</testsuite> <!-- TestNG.Parallel_Testing3 -->
