<?xml version="1.0" encoding="UTF-8"?>
<!-- Generated by org.testng.reporters.JUnitReportReporter -->
<testsuite hostname="DESKTOP-P66OI27" failures="0" tests="5" name="TestNG.invocationCount" time="0.014" errors="0" timestamp="2022-11-05T11:49:11 IST" skipped="0">
  <testcase classname="TestNG.invocationCount" name="TC1" time="0.002"/>
  <system-out>
    <![CDATA[TC1 running]]>
  </system-out>
  <testcase classname="TestNG.invocationCount" name="TC1" time="0.002"/>
  <system-out>
    <![CDATA[TC1 running]]>
  </system-out>
  <testcase classname="TestNG.invocationCount" name="TC1" time="0.005"/>
  <system-out>
    <![CDATA[TC1 running]]>
  </system-out>
  <testcase classname="TestNG.invocationCount" name="TC1" time="0.002"/>
  <system-out>
    <![CDATA[TC1 running]]>
  </system-out>
  <testcase classname="TestNG.invocationCount" name="TC1" time="0.003"/>
  <system-out>
    <![CDATA[TC1 running]]>
  </system-out>
</testsuite> <!-- TestNG.invocationCount -->
