<?xml version="1.0" encoding="UTF-8"?>
<!-- Generated by org.testng.reporters.JUnitReportReporter -->
<testsuite hostname="DESKTOP-P66OI27" failures="0" tests="1" name="TestNG.Emailable_Report" time="0.002" errors="0" timestamp="2022-11-05T11:49:12 IST" skipped="0">
  <testcase classname="TestNG.Emailable_Report" name="TC1" time="0.002"/>
  <system-out>
    <![CDATA[TC1 running]]>
  </system-out>
</testsuite> <!-- TestNG.Emailable_Report -->
