<?xml version="1.0" encoding="UTF-8"?>
<!-- Generated by org.testng.reporters.JUnitReportReporter -->
<testsuite hostname="DESKTOP-P66OI27" failures="0" tests="1" name="TestNG.Annotation_1" time="0.004" errors="0" timestamp="2022-11-05T11:49:11 IST" skipped="0">
  <testcase classname="TestNG.Annotation_1" name="TC1" time="0.004"/>
  <system-out>
    <![CDATA[Running TC1]]>
  </system-out>
</testsuite> <!-- TestNG.Annotation_1 -->
