<?xml version="1.0" encoding="UTF-8"?>
<!-- Generated by org.testng.reporters.JUnitReportReporter -->
<testsuite hostname="DESKTOP-P66OI27" failures="0" tests="4" name="TestNG.priority" time="0.026" errors="0" timestamp="2022-11-05T11:49:11 IST" skipped="0">
  <testcase classname="TestNG.priority" name="TC1" time="0.004"/>
  <system-out>
    <![CDATA[TC1 running]]>
  </system-out>
  <testcase classname="TestNG.priority" name="AC3" time="0.014"/>
  <system-out>
    <![CDATA[AC3 running]]>
  </system-out>
  <testcase classname="TestNG.priority" name="TC2" time="0.005"/>
  <system-out>
    <![CDATA[TC2 running]]>
  </system-out>
  <testcase classname="TestNG.priority" name="TC4" time="0.003"/>
  <system-out>
    <![CDATA[TC4 running]]>
  </system-out>
</testsuite> <!-- TestNG.priority -->
